GET /getdata 400 34 - 5.984 ms
GET /getdata 400 34 - 1.163 ms
GET /getdata 400 34 - 6.116 ms
GET /getdata 400 34 - 1.326 ms
GET /getdata 400 34 - 0.579 ms
GET /main.08fc7e010ef94a76578d.hot-update.json 400 34 - 7.699 ms
GET /main.08fc7e010ef94a76578d.hot-update.json 400 34 - 1.017 ms
GET /getdata 400 34 - 0.843 ms
GET /getdata 400 34 - 0.859 ms
GET /getdata 400 34 - 0.986 ms
GET /getdata 400 34 - 0.482 ms
GET /getdata 400 34 - 6.735 ms
GET /getdata 400 34 - 5.252 ms
GET /getdata 400 34 - 0.882 ms
GET /getdata 400 34 - 1.079 ms
GET /getdata 400 34 - 5.685 ms
GET /getdata 400 34 - 1.088 ms
GET /getdata 400 34 - 0.730 ms
GET /getdata 400 34 - 7.125 ms
GET /getdata 400 34 - 1.092 ms
GET /getdata 400 34 - 0.541 ms
GET /getdata 400 34 - 0.625 ms
GET /main.9fe9d2bb439d01ce8f99.hot-update.json 400 34 - 6.386 ms
GET /getdata 400 34 - 0.745 ms
GET /getdata 400 34 - 0.463 ms
GET /getdata 400 34 - 8.439 ms
GET /getdata 400 34 - 1.806 ms
GET /getdata 400 34 - 0.798 ms
GET /getdata 400 34 - 2.111 ms
GET /getdata 400 34 - 6.391 ms
GET /main.7a1c680cb8d9aa52b474.hot-update.json 400 34 - 6.001 ms
GET /getdata 400 34 - 0.891 ms
GET /getdata 400 34 - 1.454 ms
GET /main.7a1c680cb8d9aa52b474.hot-update.json 400 34 - 0.950 ms
GET /getdata 400 34 - 5.761 ms
GET /getdata 400 34 - 0.909 ms
GET /getdata 400 34 - 6.554 ms
GET /getdata 400 34 - 1.453 ms
GET /getdata 400 34 - 0.581 ms
GET /getdata 400 34 - 5.375 ms
GET /getdata 400 34 - 7.748 ms
GET /getdata 400 34 - 10.030 ms
GET / 400 34 - 9.121 ms
GET / 400 34 - 1.486 ms
GET / 400 34 - 0.546 ms
GET / 400 34 - 5.363 ms
GET /getdata 400 34 - 1.640 ms
GET /getdata 400 34 - 7.149 ms
GET /getdata 400 34 - 1.111 ms
GET /mem 400 34 - 6.036 ms
GET /mem 400 34 - 1.385 ms
GET / 400 34 - 6.764 ms
GET /favicon.ico 400 34 - 0.968 ms
GET / 400 34 - 0.964 ms
GET /getdata 400 34 - 10.595 ms
POST /register?name=jason&email=json@gmail.com&description=opp%20lagos%20business%20schooll 400 34 - 0.956 ms
POST /register?name=jason&email=json@gmail.com&description=opp%20lagos%20business%20schooll 400 34 - 8.381 ms
POST /register?name=jason&email=json@gmail.com&description=opp%20lagos%20business%20schooll 400 34 - 0.855 ms
POST /register?name=jason&email=json@gmail.com&description=opp%20lagos%20business%20schooll 400 34 - 9.139 ms
POST /register?name=jason&email=json@gmail.com&description=opp%20lagos%20business%20schooll 400 34 - 1.284 ms
POST /register?name=jason&email=json@gmail.com&description=opp%20lagos%20business%20schooll 400 34 - 4.872 ms
GET /getdata 400 34 - 8.726 ms
GET /getdata 400 36 - 9.011 ms
GET /getdata 400 36 - 6.021 ms
GET /getdata/ 400 36 - 1.300 ms
GET / 400 36 - 0.872 ms
GET / 400 36 - 5.564 ms
GET / 400 36 - 7.305 ms
GET /getdata 400 36 - 1.037 ms
GET /getdata 400 36 - 8.021 ms
GET /getdata 400 36 - 6.990 ms
GET / 400 36 - 6.651 ms
GET /home 400 36 - 5.990 ms
GET /home 400 36 - 1.002 ms
GET /home/ 400 36 - 0.529 ms
GET /home/getdata 400 36 - 0.590 ms
GET / 400 36 - 0.594 ms
GET / 200 8 - 11.010 ms
GET /favicon.ico 404 150 - 7.316 ms
GET /home/getdata 404 151 - 2.486 ms
GET /getdata 200 320 - 327.235 ms
GET /getdata 200 1545 - 27918.529 ms
GET /getdata 200 1545 - 27921.503 ms
GET /getdata 200 1545 - 502.617 ms
GET /getdata 200 1545 - 1729.940 ms
GET /getdata 200 1545 - 790.723 ms
GET /getdata 200 1545 - 3318.574 ms
GET /getdata 200 1545 - 425.512 ms
GET /getdata 200 1545 - 1732.542 ms
GET /getdata 304 - - 407.610 ms
GET /getdata 200 1545 - 439.064 ms
GET /getdata 304 - - 267.995 ms
GET /getdata 200 1545 - 358.345 ms
GET /getdata 304 - - 305.277 ms
GET /getdata 200 1545 - 334.534 ms
GET /main.b8043fc77a32b7e59451.hot-update.json 404 180 - 10.664 ms
GET /getdata 200 1545 - 404.372 ms
GET /getdata 200 1545 - 1714.182 ms
GET /getdata 200 1545 - 282.787 ms
GET /getdata 200 1545 - 1668.517 ms
GET /getdata 200 1545 - 297.737 ms
GET /getdata 200 1545 - 1587.890 ms
GET /getdata 200 1545 - 407.543 ms
GET /getdata 200 1545 - 2147.327 ms
GET /getdata 200 1545 - 886.390 ms
GET /getdata 200 1545 - 2232.439 ms
GET /getdata 200 1545 - 440.933 ms
GET /getdata 200 1545 - 1916.823 ms
GET /getdata 304 - - 259.876 ms
GET /getdata 200 1545 - 267.217 ms
GET /getdata 200 1545 - 325.570 ms
GET /getdata 200 1545 - 1545.230 ms
GET /getdata 200 1545 - 899.252 ms
GET /getdata 200 1545 - 2740.198 ms
GET /getdata 200 1545 - 420.010 ms
GET /getdata 200 1545 - 1683.194 ms
DELETE /delete/64758bc3f2aa1317a03cabba 500 479 - 257.505 ms
GET /getdata 200 1423 - 359.661 ms
GET /getdata 304 - - 244.039 ms
DELETE /delete/647590581006f1c9e6d704b8 500 479 - 538.589 ms
GET /getdata 200 1318 - 436.554 ms
GET /getdata 200 1318 - 1809.365 ms
DELETE /delete/64758f21c4caafeddb4e7b5e 200 104 - 305.054 ms
GET /getdata 200 1213 - 242.291 ms
DELETE /delete/647590ce08770fff3570e100 200 105 - 236.450 ms
GET /getdata 200 1107 - 276.115 ms
DELETE /delete/6475ca178248afa950204b39 200 107 - 236.804 ms
GET /getdata 200 999 - 297.784 ms
DELETE /delete/6475cfb6fac09434d75fb8ee 200 102 - 243.989 ms
GET /getdata 200 896 - 243.261 ms
DELETE /delete/6475ef83f85b87c3006411e9 200 110 - 297.000 ms
GET /getdata 200 785 - 303.280 ms
DELETE /delete/6475ef37f85b87c3006411e6 200 110 - 305.256 ms
GET /getdata 200 674 - 241.306 ms
DELETE /delete/6475eccf64fe869b1a78cbec 200 114 - 228.022 ms
GET /getdata 200 559 - 285.383 ms
GET /getdata 200 559 - 326.018 ms
GET /getdata 200 559 - 324.328 ms
GET /getdata 200 559 - 367.037 ms
GET /getdata 200 559 - 370.130 ms
POST /register 200 127 - 598.293 ms
GET /getdata 200 687 - 368.503 ms
GET /getdata 200 687 - 1880.788 ms
POST /register 400 28 - 7.938 ms
POST /register 400 28 - 2.042 ms
POST /reg 404 143 - 5.916 ms
POST /reg 404 143 - 2.431 ms
POST /reg?email=onuche@gmail.com 404 143 - 2.584 ms
POST /reg 200 71 - 664.848 ms
POST /reg - - - - ms
POST /reg?email=john@gmail.com - - - - ms
POST /reg 200 42 - 495.488 ms
POST /reg 200 71 - 507.649 ms
POST /reg 200 68 - 499.585 ms
POST /reg 200 76 - 464.428 ms
POST /reg?email 409 26 - 325.647 ms
POST /reg?email 409 26 - 257.809 ms
POST /reg 409 26 - 211.169 ms
POST /reg?email=alutsman@gmail.com 409 26 - 299.144 ms
POST /reg?email=alutsman@gmail.com&email=alutemsn@gmail.com 409 26 - 222.442 ms
GET /reg 404 142 - 14.460 ms
GET /reg 404 142 - 2.652 ms
GET /getsub 200 262 - 701.023 ms
GET /getsub 200 262 - 593.158 ms
GET /getdata 200 759 - 371.768 ms
GET /getdata 200 759 - 433.536 ms
POST /reg 200 75 - 560.966 ms
GET /getsub 200 338 - 319.161 ms
GET /getsub 200 338 - 292.555 ms
POST /register 200 148 - 508.401 ms
GET /getdata 200 908 - 434.808 ms
GET /getdata 200 908 - 442.539 ms
DELETE /delete/647b8977583789f67da407ff 200 148 - 380.801 ms
GET /getdata 200 759 - 269.478 ms
GET /getsub 200 338 - 254.866 ms
GET /getsub 200 338 - 243.108 ms
DELETE /delete/647b16922098eeb836e0c5b1 200 127 - 350.406 ms
GET /getdata 200 631 - 258.309 ms
DELETE /delete/6475e64e4fd4bc7239ad3772 200 102 - 283.566 ms
GET /getdata 200 528 - 502.979 ms
DELETE /delete/6475e58c8f7ca0d5b3c1a192 200 107 - 235.683 ms
DELETE /delete/6475e58c8f7ca0d5b3c1a192 500 479 - 265.753 ms
DELETE /delete/6475e58c8f7ca0d5b3c1a192 500 479 - 241.699 ms
DELETE /delete/6475e58c8f7ca0d5b3c1a192 500 479 - 239.814 ms
DELETE /delete/6475e58c8f7ca0d5b3c1a192 500 479 - 249.951 ms
DELETE /delete/647b2bce69b368f05efd40ae 200 71 - 363.848 ms
DELETE /delete/647b2bce69b368f05efd40ae 500 479 - 443.269 ms
GET /getdata 200 348 - 814.041 ms
GET /getdata 200 348 - 812.043 ms
DELETE /delete/6475e461968a0f34e766319c 200 105 - 249.771 ms
GET /getdata 200 242 - 638.234 ms
GET /getdata 200 242 - 603.265 ms
GET /getdata 200 242 - 266.773 ms
GET /getdata 304 - - 311.449 ms
DELETE /delete/6475e3fcfe32bce4c43f47ed 200 125 - 262.993 ms
POST /reg 409 26 - 279.550 ms
POST /reg 200 75 - 596.076 ms
POST /reg 200 74 - 510.819 ms
